<?xml version="1.0" encoding="UTF-8"?>
<!-- Generated by org.testng.reporters.JUnitXMLReporter -->
<testsuite ignored="0" hostname="Keyutechs-MacBook-Pro.local" failures="1" tests="1" name="Regression-Test" time="8.167" errors="0" timestamp="2021-05-27T20:35:31 IST">
  <testcase classname="Regression.Click_contactus_passData" name="EmailUs" time="8.121">
    <failure type="java.lang.AssertionError">
      <![CDATA[java.lang.AssertionError: 
at Regression.Click_contactus_passData.EmailUs(Click_contactus_passData.java:75)
at java.base/java.util.ArrayList.forEach(ArrayList.java:1511)
... Removed 32 stack frames]]>
    </failure>
  </testcase> <!-- EmailUs -->
</testsuite> <!-- Regression-Test -->
